Tue Nov 11 2014 12:17:38 GMT-0800 (PST):
{ [Error: Server returned an unknown AccountType: undefined]
  stack: [Getter/Setter],
  __frame: 
   { name: '__1',
     line: 39,
     file: '/usr/local/lib/node_modules/azure-cli/lib/commands/login._js',
     prev: undefined,
     active: false,
     offset: 38,
     col: 31 },
  rawStack: [Getter] }
Error: Server returned an unknown AccountType: undefined
    at Logger.createError (/usr/local/lib/node_modules/azure-cli/node_modules/adal-node/lib/log.js:196:13)
    at /usr/local/lib/node_modules/azure-cli/node_modules/adal-node/lib/token-request.js:366:35
    at UserRealm._parseDiscoveryResponse (/usr/local/lib/node_modules/azure-cli/node_modules/adal-node/lib/user-realm.js:234:3)
    at /usr/local/lib/node_modules/azure-cli/node_modules/adal-node/lib/user-realm.js:263:12
    at Request._callback (/usr/local/lib/node_modules/azure-cli/node_modules/adal-node/lib/util.js:116:5)
    at Request.self.callback (/usr/local/lib/node_modules/azure-cli/node_modules/request/request.js:129:22)
    at Request.emit (events.js:98:17)
    at Request.<anonymous> (/usr/local/lib/node_modules/azure-cli/node_modules/request/request.js:873:14)
    at Request.emit (events.js:117:20)
    at IncomingMessage.<anonymous> (/usr/local/lib/node_modules/azure-cli/node_modules/request/request.js:824:12)
    at __1 (/usr/local/lib/node_modules/azure-cli/lib/commands/login._js:77:31)

